Using pre-set license
Built from '2020.3/staging' branch; Version is '2020.3.3f1 (76626098c1c4) revision 7758432'; Using compiler version '192528614'; Build Type 'Release'
OS: 'Windows 10 Pro; OS build 18363.1440; Version 1909; 64bit' Language: 'en' Physical Memory: 32667 MB
BatchMode: 1, IsHumanControllingUs: 0, StartBugReporterOnCrash: 0, Is64bit: 1, IsPro: 0

 COMMAND LINE ARGUMENTS:
C:\Program Files\Unity\Hub\Editor\2020.3.3f1\Editor\Unity.exe
-adb2
-batchMode
-noUpm
-name
AssetImportWorker0
-projectPath
D:/Documents/Platzi Sound Design Course/FPS Unity Project
-logFile
Logs/AssetImportWorker0.log
-srvPort
55045
Successfully changed project path to: D:/Documents/Platzi Sound Design Course/FPS Unity Project
D:/Documents/Platzi Sound Design Course/FPS Unity Project
Using Asset Import Pipeline V2.
Refreshing native plugins compatible for Editor in 72.33 ms, found 2 plugins.
Preloading 0 native plugins for Editor in 0.00 ms.
Initialize engine version: 2020.3.3f1 (76626098c1c4)
[Subsystems] Discovering subsystems at path C:/Program Files/Unity/Hub/Editor/2020.3.3f1/Editor/Data/Resources/UnitySubsystems
[Subsystems] Discovering subsystems at path D:/Documents/Platzi Sound Design Course/FPS Unity Project/Assets
GfxDevice: creating device client; threaded=0
Direct3D:
    Version:  Direct3D 11.0 [level 11.1]
    Renderer: NVIDIA GeForce GTX 1650 (ID=0x1f82)
    Vendor:   
    VRAM:     3962 MB
    Driver:   27.21.14.5671
Initialize mono
Mono path[0] = 'C:/Program Files/Unity/Hub/Editor/2020.3.3f1/Editor/Data/Managed'
Mono path[1] = 'C:/Program Files/Unity/Hub/Editor/2020.3.3f1/Editor/Data/MonoBleedingEdge/lib/mono/unityjit'
Mono config path = 'C:/Program Files/Unity/Hub/Editor/2020.3.3f1/Editor/Data/MonoBleedingEdge/etc'
Using monoOptions --debugger-agent=transport=dt_socket,embedding=1,server=y,suspend=n,address=127.0.0.1:56436
Begin MonoManager ReloadAssembly
Registering precompiled unity dll's ...
Register platform support module: C:/Program Files/Unity/Hub/Editor/2020.3.3f1/Editor/Data/PlaybackEngines/WindowsStandaloneSupport/UnityEditor.WindowsStandalone.Extensions.dll
Registered in 0.003518 seconds.
Native extension for WindowsStandalone target not found
Refreshing native plugins compatible for Editor in 59.92 ms, found 2 plugins.
Preloading 0 native plugins for Editor in 0.00 ms.
Invoked RoslynAnalysisRunner static constructor.
RoslynAnalysisRunner will not be running.
RoslynAnalysisRunner has terminated.
Mono: successfully reloaded assembly
- Completed reload, in  1.327 seconds
Platform modules already initialized, skipping
Registering precompiled user dll's ...
Registered in 0.004301 seconds.
Begin MonoManager ReloadAssembly
Native extension for WindowsStandalone target not found
Refreshing native plugins compatible for Editor in 0.89 ms, found 2 plugins.
Preloading 0 native plugins for Editor in 0.00 ms.
Invoked RoslynAnalysisRunner static constructor.
RoslynAnalysisRunner will not be running.
RoslynAnalysisRunner has terminated.
RefreshInfo: StopAssetImportingV2(NoUpdateAssetOptions) scanfilter: 
RefreshProfiler: Total: 0.000ms
Mono: successfully reloaded assembly
- Completed reload, in  1.151 seconds
Platform modules already initialized, skipping
========================================================================
Worker process is ready to serve import requests
Launched and connected shader compiler UnityShaderCompiler.exe after 0.10 seconds
Refreshing native plugins compatible for Editor in 0.83 ms, found 2 plugins.
Preloading 0 native plugins for Editor in 0.00 ms.
Unloading 3 Unused Serialized files (Serialized files now loaded: 0)
System memory in use before: 126.1 MB.
System memory in use after: 126.2 MB.

Unloading 68 unused Assets to reduce memory usage. Loaded Objects now: 2727.
Total: 2.226000 ms (FindLiveObjects: 0.240800 ms CreateObjectMapping: 0.121700 ms MarkObjects: 1.748800 ms  DeleteObjects: 0.113600 ms)

========================================================================
Received Import Request.
  path: Assets/FPS/Prefabs/UI/CompassMarkerEnemy.prefab
  artifactKey: Guid(513785daf84f2a243b0cda079e6835cd) Importer(815301076,1909f56bfc062723c751e8b465ee728b)
Start importing Assets/FPS/Prefabs/UI/CompassMarkerEnemy.prefab using Guid(513785daf84f2a243b0cda079e6835cd) Importer(815301076,1909f56bfc062723c751e8b465ee728b)  -> (artifact id: '9456f9895d60b3d12b2413b012ab14a8') in 0.064245 seconds
  Import took 0.068258 seconds .

========================================================================
Received Import Request.
  Time since last request: 0.000266 seconds.
  path: Assets/FPS/Art/Textures/UI/Radar_Enemy_Icon.png
  artifactKey: Guid(f960e1e0f9c28f346bcff536efd27f78) Importer(815301076,1909f56bfc062723c751e8b465ee728b)
Start importing Assets/FPS/Art/Textures/UI/Radar_Enemy_Icon.png using Guid(f960e1e0f9c28f346bcff536efd27f78) Importer(815301076,1909f56bfc062723c751e8b465ee728b)  -> (artifact id: 'd0d5e8894753372fd8a5613d47c61a25') in 0.116798 seconds
  Import took 0.120626 seconds .

========================================================================
Received Import Request.
  Time since last request: 0.000260 seconds.
  path: Assets/FPS/Prefabs/Enemies/Enemy_HoverBot.prefab
  artifactKey: Guid(25a1b0efadb966e44889fce712c8ff8d) Importer(815301076,1909f56bfc062723c751e8b465ee728b)
Start importing Assets/FPS/Prefabs/Enemies/Enemy_HoverBot.prefab using Guid(25a1b0efadb966e44889fce712c8ff8d) Importer(815301076,1909f56bfc062723c751e8b465ee728b)  -> (artifact id: '6bd903604ab619f437b0cb6118a39197') in 0.367611 seconds
  Import took 0.373345 seconds .

========================================================================
Received Import Request.
  Time since last request: 0.000233 seconds.
  path: Assets/FPS/Scripts/EnemyController.cs
  artifactKey: Guid(3de939d976a5bb0419ccd8dbd0b6836b) Importer(815301076,1909f56bfc062723c751e8b465ee728b)
Start importing Assets/FPS/Scripts/EnemyController.cs using Guid(3de939d976a5bb0419ccd8dbd0b6836b) Importer(815301076,1909f56bfc062723c751e8b465ee728b)  -> (artifact id: '39e62a05a3fa8f80ab7c9f93f758f2f2') in 0.010181 seconds
  Import took 0.013864 seconds .

========================================================================
Received Import Request.
  Time since last request: 0.000285 seconds.
  path: Assets/FPS/Prefabs/Enemies/Enemy_Turret.prefab
  artifactKey: Guid(e29d43f43cc5d82499dd9926e01847d3) Importer(815301076,1909f56bfc062723c751e8b465ee728b)
Start importing Assets/FPS/Prefabs/Enemies/Enemy_Turret.prefab using Guid(e29d43f43cc5d82499dd9926e01847d3) Importer(815301076,1909f56bfc062723c751e8b465ee728b)  -> (artifact id: '4bc6c6643da983e6176d9dd76c266cbf') in 0.040968 seconds
  Import took 0.046580 seconds .

========================================================================
Received Import Request.
  Time since last request: 0.000219 seconds.
  path: Assets/FPS/Art/Textures/UI/Radar_Enemy_IconBg.png
  artifactKey: Guid(65c7da85c6d645744b9081be5782b153) Importer(815301076,1909f56bfc062723c751e8b465ee728b)
Start importing Assets/FPS/Art/Textures/UI/Radar_Enemy_IconBg.png using Guid(65c7da85c6d645744b9081be5782b153) Importer(815301076,1909f56bfc062723c751e8b465ee728b)  -> (artifact id: 'e5ea5faa2645a554a256da2c56d5af75') in 0.037156 seconds
  Import took 0.041346 seconds .

========================================================================
Received Import Request.
  Time since last request: 0.000279 seconds.
  path: Assets/FPS/Audio/MainAudioMixer.mixer
  artifactKey: Guid(fcc71635aab95ff4fbdf1880bf2afa2f) Importer(815301076,1909f56bfc062723c751e8b465ee728b)
Start importing Assets/FPS/Audio/MainAudioMixer.mixer using Guid(fcc71635aab95ff4fbdf1880bf2afa2f) Importer(815301076,1909f56bfc062723c751e8b465ee728b)  -> (artifact id: 'a6997ef5cc77ee9ac1c458ccbe97d8a7') in 0.011892 seconds
  Import took 0.015821 seconds .

========================================================================
Received Import Request.
  Time since last request: 0.000287 seconds.
  path: Assets/FPS/Art/Textures/UI/Notification_Enemy_Icon.png
  artifactKey: Guid(f508c28b9e2b993418fa54db9c535ae9) Importer(815301076,1909f56bfc062723c751e8b465ee728b)
Start importing Assets/FPS/Art/Textures/UI/Notification_Enemy_Icon.png using Guid(f508c28b9e2b993418fa54db9c535ae9) Importer(815301076,1909f56bfc062723c751e8b465ee728b)  -> (artifact id: '8639cde85f322c3a5ec7de93e77b446d') in 0.033790 seconds
  Import took 0.038688 seconds .

========================================================================
Received Import Request.
  Time since last request: 0.000278 seconds.
  path: Assets/FPS/Tutorials/Tutorial4/Walkthrough4-020.asset
  artifactKey: Guid(7e9326884c0004cafafc80b48034e9ae) Importer(815301076,1909f56bfc062723c751e8b465ee728b)
Start importing Assets/FPS/Tutorials/Tutorial4/Walkthrough4-020.asset using Guid(7e9326884c0004cafafc80b48034e9ae) Importer(815301076,1909f56bfc062723c751e8b465ee728b)  -> (artifact id: '9f16df73868a09415ff8f014194c398d') in 0.064655 seconds
  Import took 0.070553 seconds .

========================================================================
Received Import Request.
  Time since last request: 131.072175 seconds.
  path: Assets/FPS/Scripts/EnemyController.cs
  artifactKey: Guid(3de939d976a5bb0419ccd8dbd0b6836b) Importer(815301076,1909f56bfc062723c751e8b465ee728b)
Start importing Assets/FPS/Scripts/EnemyController.cs using Guid(3de939d976a5bb0419ccd8dbd0b6836b) Importer(815301076,1909f56bfc062723c751e8b465ee728b)  -> (artifact id: '2aedb22e761d2379d38fb7fbeb0795bd') in 0.006787 seconds
  Import took 0.011389 seconds .

========================================================================
Received Import Request.
  Time since last request: 34.965801 seconds.
  path: Assets/FPS/Scripts/EnemyController.cs
  artifactKey: Guid(3de939d976a5bb0419ccd8dbd0b6836b) Importer(815301076,1909f56bfc062723c751e8b465ee728b)
Start importing Assets/FPS/Scripts/EnemyController.cs using Guid(3de939d976a5bb0419ccd8dbd0b6836b) Importer(815301076,1909f56bfc062723c751e8b465ee728b)  -> (artifact id: '86d460bcc12eab0c2a75ef22c5c646ea') in 0.006097 seconds
  Import took 0.010051 seconds .

========================================================================
Received Import Request.
  Time since last request: 19.479614 seconds.
  path: Assets/FPS/Scripts/EnemyController.cs
  artifactKey: Guid(3de939d976a5bb0419ccd8dbd0b6836b) Importer(815301076,1909f56bfc062723c751e8b465ee728b)
Start importing Assets/FPS/Scripts/EnemyController.cs using Guid(3de939d976a5bb0419ccd8dbd0b6836b) Importer(815301076,1909f56bfc062723c751e8b465ee728b)  -> (artifact id: '0bd2e27b350824232a9e45167457a37e') in 0.006765 seconds
  Import took 0.010607 seconds .

========================================================================
Received Import Request.
  Time since last request: 18.658852 seconds.
  path: Assets/FPS/Scripts/EnemyController.cs
  artifactKey: Guid(3de939d976a5bb0419ccd8dbd0b6836b) Importer(815301076,1909f56bfc062723c751e8b465ee728b)
Start importing Assets/FPS/Scripts/EnemyController.cs using Guid(3de939d976a5bb0419ccd8dbd0b6836b) Importer(815301076,1909f56bfc062723c751e8b465ee728b)  -> (artifact id: '0777829b2b684db8e9c9bdf0212efd14') in 0.005995 seconds
  Import took 0.011653 seconds .

========================================================================
Received Prepare
Registering precompiled user dll's ...
Registered in 0.004515 seconds.
Begin MonoManager ReloadAssembly
Native extension for WindowsStandalone target not found
Refreshing native plugins compatible for Editor in 1.01 ms, found 2 plugins.
Preloading 0 native plugins for Editor in 0.00 ms.
Invoked RoslynAnalysisRunner static constructor.
RoslynAnalysisRunner will not be running.
RoslynAnalysisRunner has terminated.
RefreshInfo: StopAssetImportingV2(NoUpdateAssetOptions) scanfilter: 
RefreshProfiler: Total: 0.000ms
Mono: successfully reloaded assembly
- Completed reload, in  1.220 seconds
Platform modules already initialized, skipping
Refreshing native plugins compatible for Editor in 0.91 ms, found 2 plugins.
Preloading 0 native plugins for Editor in 0.00 ms.
Unloading 1 Unused Serialized files (Serialized files now loaded: 0)
System memory in use before: 142.8 MB.
System memory in use after: 143.0 MB.

Unloading 63 unused Assets to reduce memory usage. Loaded Objects now: 2744.
Total: 2.169400 ms (FindLiveObjects: 0.227400 ms CreateObjectMapping: 0.108900 ms MarkObjects: 1.754000 ms  DeleteObjects: 0.077900 ms)

========================================================================
Received Prepare
Registering precompiled user dll's ...
Registered in 0.004312 seconds.
Begin MonoManager ReloadAssembly
Native extension for WindowsStandalone target not found
Refreshing native plugins compatible for Editor in 0.89 ms, found 2 plugins.
Preloading 0 native plugins for Editor in 0.00 ms.
Invoked RoslynAnalysisRunner static constructor.
RoslynAnalysisRunner will not be running.
RoslynAnalysisRunner has terminated.
RefreshInfo: StopAssetImportingV2(NoUpdateAssetOptions) scanfilter: 
RefreshProfiler: Total: 0.000ms
Mono: successfully reloaded assembly
- Completed reload, in  1.151 seconds
Platform modules already initialized, skipping
Refreshing native plugins compatible for Editor in 0.91 ms, found 2 plugins.
Preloading 0 native plugins for Editor in 0.00 ms.
Unloading 1 Unused Serialized files (Serialized files now loaded: 0)
System memory in use before: 142.8 MB.
System memory in use after: 143.0 MB.

Unloading 63 unused Assets to reduce memory usage. Loaded Objects now: 2747.
Total: 2.401100 ms (FindLiveObjects: 0.240500 ms CreateObjectMapping: 0.121500 ms MarkObjects: 1.962500 ms  DeleteObjects: 0.075400 ms)

========================================================================
Received Import Request.
  Time since last request: 12.568974 seconds.
  path: Assets/FPS/Scripts/EnemyController.cs
  artifactKey: Guid(3de939d976a5bb0419ccd8dbd0b6836b) Importer(815301076,1909f56bfc062723c751e8b465ee728b)
Start importing Assets/FPS/Scripts/EnemyController.cs using Guid(3de939d976a5bb0419ccd8dbd0b6836b) Importer(815301076,1909f56bfc062723c751e8b465ee728b)  -> (artifact id: 'edad3f20d2f1e62ad26eeb043aba1e0c') in 0.006829 seconds
  Import took 0.011017 seconds .

========================================================================
Received Import Request.
  Time since last request: 3.788495 seconds.
  path: Assets/FPS/Scripts/EnemyController.cs
  artifactKey: Guid(3de939d976a5bb0419ccd8dbd0b6836b) Importer(815301076,1909f56bfc062723c751e8b465ee728b)
Start importing Assets/FPS/Scripts/EnemyController.cs using Guid(3de939d976a5bb0419ccd8dbd0b6836b) Importer(815301076,1909f56bfc062723c751e8b465ee728b)  -> (artifact id: 'edad3f20d2f1e62ad26eeb043aba1e0c') in 0.006341 seconds
  Import took 0.010914 seconds .

========================================================================
Received Prepare
Registering precompiled user dll's ...
Registered in 0.004185 seconds.
Begin MonoManager ReloadAssembly
Native extension for WindowsStandalone target not found
Refreshing native plugins compatible for Editor in 0.90 ms, found 2 plugins.
Preloading 0 native plugins for Editor in 0.00 ms.
Invoked RoslynAnalysisRunner static constructor.
RoslynAnalysisRunner will not be running.
RoslynAnalysisRunner has terminated.
RefreshInfo: StopAssetImportingV2(NoUpdateAssetOptions) scanfilter: 
RefreshProfiler: Total: 0.000ms
Mono: successfully reloaded assembly
- Completed reload, in  1.163 seconds
Platform modules already initialized, skipping
Refreshing native plugins compatible for Editor in 0.90 ms, found 2 plugins.
Preloading 0 native plugins for Editor in 0.00 ms.
Unloading 1 Unused Serialized files (Serialized files now loaded: 0)
System memory in use before: 142.9 MB.
System memory in use after: 143.1 MB.

Unloading 63 unused Assets to reduce memory usage. Loaded Objects now: 2750.
Total: 2.339800 ms (FindLiveObjects: 0.373900 ms CreateObjectMapping: 0.152100 ms MarkObjects: 1.732800 ms  DeleteObjects: 0.079800 ms)

========================================================================
Received Prepare
Registering precompiled user dll's ...
Registered in 0.004296 seconds.
Begin MonoManager ReloadAssembly
Native extension for WindowsStandalone target not found
Refreshing native plugins compatible for Editor in 0.89 ms, found 2 plugins.
Preloading 0 native plugins for Editor in 0.00 ms.
Invoked RoslynAnalysisRunner static constructor.
RoslynAnalysisRunner will not be running.
RoslynAnalysisRunner has terminated.
RefreshInfo: StopAssetImportingV2(NoUpdateAssetOptions) scanfilter: 
RefreshProfiler: Total: 0.000ms
Mono: successfully reloaded assembly
- Completed reload, in  1.119 seconds
Platform modules already initialized, skipping
Refreshing native plugins compatible for Editor in 0.90 ms, found 2 plugins.
Preloading 0 native plugins for Editor in 0.00 ms.
Unloading 1 Unused Serialized files (Serialized files now loaded: 0)
System memory in use before: 142.9 MB.
System memory in use after: 143.1 MB.

Unloading 63 unused Assets to reduce memory usage. Loaded Objects now: 2753.
Total: 2.441900 ms (FindLiveObjects: 0.371100 ms CreateObjectMapping: 0.163200 ms MarkObjects: 1.819100 ms  DeleteObjects: 0.087400 ms)

========================================================================
Received Import Request.
  Time since last request: 166.768112 seconds.
  path: Assets/Plugins/FMOD/Cache/Editor/FMODStudioCache.asset
  artifactKey: Guid(f100887dc7359564f8bbcda54b0ee259) Importer(815301076,1909f56bfc062723c751e8b465ee728b)
Start importing Assets/Plugins/FMOD/Cache/Editor/FMODStudioCache.asset using Guid(f100887dc7359564f8bbcda54b0ee259) Importer(815301076,1909f56bfc062723c751e8b465ee728b)  -> (artifact id: '90a886bb8a3da63981b6e857900aaeaf') in 0.031785 seconds
  Import took 0.036235 seconds .

========================================================================
Received Prepare
Registering precompiled user dll's ...
Registered in 0.004261 seconds.
Begin MonoManager ReloadAssembly
Native extension for WindowsStandalone target not found
Refreshing native plugins compatible for Editor in 0.89 ms, found 2 plugins.
Preloading 0 native plugins for Editor in 0.00 ms.
Invoked RoslynAnalysisRunner static constructor.
RoslynAnalysisRunner will not be running.
RoslynAnalysisRunner has terminated.
RefreshInfo: StopAssetImportingV2(NoUpdateAssetOptions) scanfilter: 
RefreshProfiler: Total: 0.000ms
Mono: successfully reloaded assembly
- Completed reload, in  1.075 seconds
Platform modules already initialized, skipping
Refreshing native plugins compatible for Editor in 0.89 ms, found 2 plugins.
Preloading 0 native plugins for Editor in 0.00 ms.
Unloading 1 Unused Serialized files (Serialized files now loaded: 0)
System memory in use before: 142.9 MB.
System memory in use after: 143.1 MB.

Unloading 63 unused Assets to reduce memory usage. Loaded Objects now: 2756.
Total: 2.329100 ms (FindLiveObjects: 0.219400 ms CreateObjectMapping: 0.108100 ms MarkObjects: 1.920700 ms  DeleteObjects: 0.079500 ms)

AssetImportWorkerClient::OnTransportError - code=2 error=End of file
