[LOG] System::create                           : Header version = 2.01.07. Current version = 2.01.07.
[LOG] Manager::init                            : maxchannels = 256 studioflags = 00000006 flags 00000000 extradriverdata 0000000000000000.
[LOG] SystemI::init                            : Initialize version=20107 (113487), maxchannels=256, flags=0x00020000
[LOG] SystemI::setOutputInternal               : Setting output to 'FMOD WASAPI Output'
[LOG] OutputWASAPI::init                       : Mix Format (WAVEFORMATEX): wFormatTag=0xFFFE, nChannels=2, nSamplesPerSec=48000, nAvgBytesPerSec=384000, nBlockAlign=8, wBitsPerSample=32, cbSize=22.
[LOG] OutputWASAPI::init                       : Mix Format (WAVEFORMATEXTENSIBLE): wValidBitsPerSample=32, dwChannelMask=0x00000003, SubFormat=00000003-0000-0010-8000-00AA00389B71.
[LOG] OutputWASAPI::init                       : Output buffer size: 4096 samples, latency: 0.00ms, period: 10.00ms, DSP buffer: 1024 * 4
[LOG] Thread::initThread                       : Init FMOD stream thread. Affinity: 0x8000000000000003, Priority: 0xFFFF7FFB, Stack Size: 98304, Semaphore: No, Sleep Time: 10, Looping: Yes.
[LOG] Thread::initThread                       : Init FMOD mixer thread. Affinity: 0x8000000000000001, Priority: 0xFFFF7FFA, Stack Size: 81920, Semaphore: No, Sleep Time: 0, Looping: Yes.
[LOG] AsyncManager::init                       : manager 000001D614B71A98 isAsync 0 updatePeriod 0.02
[LOG] AsyncManager::init                       : done
[LOG] PlaybackSystem::init                     : 
[LOG] Thread::initThread                       : Init FMOD Studio sample load thread. Affinity: 0x8000000000000003, Priority: 0xFFFF7FFD, Stack Size: 98304, Semaphore: No, Sleep Time: 1, Looping: No.
[LOG] PlaybackSystem::init                     : done
[LOG] Thread::initThread                       : Init FMOD Studio bank load thread. Affinity: 0x8000000000000003, Priority: 0xFFFF7FFD, Stack Size: 98304, Semaphore: No, Sleep Time: 1, Looping: No.
[LOG] Manager::init                            : done.
[LOG] Manager::readBank                        : fileversion = 125, compatVersion = 119 (oldest = 44, newest = 135)
[LOG] Manager::readBank                        : fileversion = 125, compatVersion = 119 (oldest = 44, newest = 135)
[LOG] SystemI::createSound                     : filename = ../FMOD Project/Build\Desktop/SFX.bank : mode 02010082
[LOG] SystemI::createSound                     : FMOD_NONBLOCKING specified.  Putting into queue to be opened asynchronously!
[LOG] SystemI::createSound                     : setdata soundi = 000001D6A4BC1938 : node = 000001D615FA4290
[LOG] SystemI::createSound                     : add node to async list : head = 000001D613BFFCE8.  list count = 0
[LOG] AsyncThread::threadFunc                  : Starting Asynchronous operation on sound 000001D6A4BC1938
[LOG] SystemI::createSoundInternal             :     Create name='../FMOD Project/Build\Desktop/SFX.bank', mode=0x02010082
[LOG] SystemI::createSoundInternal             :     exinfo->cbsize             = 224
[LOG] SystemI::createSoundInternal             :     exinfo->length             = 363008
[LOG] SystemI::createSoundInternal             :     exinfo->fileoffset         = 15552
[LOG] SystemI::createSoundInternal             :     exinfo->numsubsounds       = 1
[LOG] SystemI::createSoundInternal             :     exinfo->inclusionlist      = 000001D615FA43A0
[LOG] SystemI::createSoundInternal             :     exinfo->inclusionlistnum   = 1
[LOG] SystemI::createSoundInternal             :     exinfo->suggestedsoundtype = 5
[LOG] SystemI::createSoundInternal             :     exinfo->initialseekpostype = 1
[LOG] SystemI::createSoundInternal             :     Stream 0/1: name='sfx_platzi_sound_design_course_ambience', format=5, channels=2, frequency=48000, lengthbytes=130880, lengthpcm=487218, pcmblocksize=0, loopstart=0, loopend=0, mode=0x00000000, channelmask=0x00000000, channelorder=0, peakvolume=0.000000.
[LOG] AsyncThread::threadFunc                  : Finished Asynchronous operation on sound 000001D6A4BC1938
[LOG] SoundI::release                          : sfx_platzi_sound_design_course_ambience (000001D6A4424728)
[LOG] SoundI::release                          :     sfx_platzi_sound_design_course_ambience (000001D617701CA8)
[LOG] SoundI::release                          :     sfx_platzi_sound_design_course_ambience (000001D6A4424C38)
[LOG] Manager::readBank                        : fileversion = 125, compatVersion = 119 (oldest = 44, newest = 135)
[LOG] Manager::readBank                        : fileversion = 125, compatVersion = 119 (oldest = 44, newest = 135)
[LOG] SystemI::createSound                     : filename = ../FMOD Project/Build\Desktop/SFX.bank : mode 02010082
[LOG] SystemI::createSound                     : FMOD_NONBLOCKING specified.  Putting into queue to be opened asynchronously!
[LOG] SystemI::createSound                     : setdata soundi = 000001D6A44248D8 : node = 000001D615FA6F90
[LOG] SystemI::createSound                     : add node to async list : head = 000001D613BFFCE8.  list count = 0
[LOG] AsyncThread::threadFunc                  : Starting Asynchronous operation on sound 000001D6A44248D8
[LOG] SystemI::createSoundInternal             :     Create name='../FMOD Project/Build\Desktop/SFX.bank', mode=0x02010082
[LOG] SystemI::createSoundInternal             :     exinfo->cbsize             = 224
[LOG] SystemI::createSoundInternal             :     exinfo->length             = 363008
[LOG] SystemI::createSoundInternal             :     exinfo->fileoffset         = 15552
[LOG] SystemI::createSoundInternal             :     exinfo->numsubsounds       = 1
[LOG] SystemI::createSoundInternal             :     exinfo->inclusionlist      = 000001D615FA70A0
[LOG] SystemI::createSoundInternal             :     exinfo->inclusionlistnum   = 1
[LOG] SystemI::createSoundInternal             :     exinfo->suggestedsoundtype = 5
[LOG] SystemI::createSoundInternal             :     exinfo->initialseekpostype = 1
[LOG] SystemI::createSoundInternal             :     Stream 0/1: name='sfx_platzi_sound_design_course_ambience', format=5, channels=2, frequency=48000, lengthbytes=130880, lengthpcm=487218, pcmblocksize=0, loopstart=0, loopend=0, mode=0x00000000, channelmask=0x00000000, channelorder=0, peakvolume=0.000000.
[LOG] AsyncThread::threadFunc                  : Finished Asynchronous operation on sound 000001D6A44248D8
[LOG] SoundI::release                          : sfx_platzi_sound_design_course_ambience (000001D6A4BC1938)
[LOG] SoundI::release                          :     sfx_platzi_sound_design_course_ambience (000001D617825D68)
[LOG] SoundI::release                          :     sfx_platzi_sound_design_course_ambience (000001D6A4BC1AE8)
[LOG] Manager::readBank                        : fileversion = 125, compatVersion = 119 (oldest = 44, newest = 135)
[LOG] Manager::readBank                        : fileversion = 125, compatVersion = 119 (oldest = 44, newest = 135)
[LOG] SystemI::createSoundInternal             : Create name='', mode=0x02000202
[LOG] SystemI::createSoundInternal             : exinfo->cbsize             = 224
[LOG] SystemI::createSoundInternal             : exinfo->length             = 363008
[LOG] SystemI::createSoundInternal             : exinfo->fileoffset         = 15552
[LOG] SystemI::createSoundInternal             : exinfo->numsubsounds       = 1
[LOG] SystemI::createSoundInternal             : exinfo->inclusionlist      = 0000002F91D9F4C8
[LOG] SystemI::createSoundInternal             : exinfo->inclusionlistnum   = 1
[LOG] SystemI::createSoundInternal             : exinfo->suggestedsoundtype = 5
[LOG] SystemI::createSoundInternal             : exinfo->useropen           = 00007FF99A5C7B10
[LOG] SystemI::createSoundInternal             : exinfo->userclose          = 00007FF99A5C7AE0
[LOG] SystemI::createSoundInternal             : exinfo->userread           = 00007FF99A5C7BE0
[LOG] SystemI::createSoundInternal             : exinfo->userseek           = 00007FF99A5C7CA0
[LOG] SystemI::createSoundInternal             : exinfo->fileuserdata       = 000001D6A41258A8
[LOG] SystemI::createSoundInternal             : exinfo->initialseekpostype = 1
[LOG] SystemI::DSPCodecPoolRegister            : register codec pool for pool type 5
[LOG] SystemI::createSoundInternal             : Sample 0/1: name='sfx_platzi_sound_design_course_shot', format=5, channels=2, frequency=48000, lengthbytes=7200, lengthpcm=24482, pcmblocksize=0, loopstart=0, loopend=0, mode=0x00000000, channelmask=0x00000000, channelorder=0, peakvolume=0.000000.
[LOG] SystemI::createSound                     : filename = ../FMOD Project/Build\Desktop/SFX.bank : mode 02010082
[LOG] SystemI::createSound                     : FMOD_NONBLOCKING specified.  Putting into queue to be opened asynchronously!
[LOG] SystemI::createSound                     : setdata soundi = 000001D63B243BA8 : node = 000001D615FA2490
[LOG] SystemI::createSound                     : add node to async list : head = 000001D613BFFCE8.  list count = 0
[LOG] AsyncThread::threadFunc                  : Starting Asynchronous operation on sound 000001D63B243BA8
[LOG] SystemI::createSoundInternal             :     Create name='../FMOD Project/Build\Desktop/SFX.bank', mode=0x02010082
[LOG] SystemI::createSoundInternal             :     exinfo->cbsize             = 224
[LOG] SystemI::createSoundInternal             :     exinfo->length             = 363008
[LOG] SystemI::createSoundInternal             :     exinfo->fileoffset         = 15552
[LOG] SystemI::createSoundInternal             :     exinfo->numsubsounds       = 1
[LOG] SystemI::createSoundInternal             :     exinfo->inclusionlist      = 000001D615FA25A0
[LOG] SystemI::createSoundInternal             :     exinfo->inclusionlistnum   = 1
[LOG] SystemI::createSoundInternal             :     exinfo->suggestedsoundtype = 5
[LOG] SystemI::createSoundInternal             :     exinfo->initialseekpostype = 1
[LOG] SystemI::createSoundInternal             :     Stream 0/1: name='sfx_platzi_sound_design_course_ambience', format=5, channels=2, frequency=48000, lengthbytes=130880, lengthpcm=487218, pcmblocksize=0, loopstart=0, loopend=0, mode=0x00000000, channelmask=0x00000000, channelorder=0, peakvolume=0.000000.
[LOG] AsyncThread::threadFunc                  : Finished Asynchronous operation on sound 000001D63B243BA8
[LOG] Manager::readBank                        : fileversion = 125, compatVersion = 119 (oldest = 44, newest = 135)
[LOG] SoundI::release                          : sfx_platzi_sound_design_course_ambience (000001D6A44248D8)
[LOG] SoundI::release                          :     sfx_platzi_sound_design_course_ambience (000001D617826248)
[LOG] SoundI::release                          :     sfx_platzi_sound_design_course_ambience (000001D6A4425148)
[LOG] SystemI::createSoundInternal             : Create name='', mode=0x02000202
[LOG] SystemI::createSoundInternal             : exinfo->cbsize             = 224
[LOG] SystemI::createSoundInternal             : exinfo->length             = 363008
[LOG] SystemI::createSoundInternal             : exinfo->fileoffset         = 15552
[LOG] SystemI::createSoundInternal             : exinfo->numsubsounds       = 1
[LOG] SystemI::createSoundInternal             : exinfo->inclusionlist      = 0000002F91D9F4C8
[LOG] SystemI::createSoundInternal             : exinfo->inclusionlistnum   = 1
[LOG] SystemI::createSoundInternal             : exinfo->suggestedsoundtype = 5
[LOG] SystemI::createSoundInternal             : exinfo->useropen           = 00007FF99A5C7B10
[LOG] SystemI::createSoundInternal             : exinfo->userclose          = 00007FF99A5C7AE0
[LOG] SystemI::createSoundInternal             : exinfo->userread           = 00007FF99A5C7BE0
[LOG] SystemI::createSoundInternal             : exinfo->userseek           = 00007FF99A5C7CA0
[LOG] SystemI::createSoundInternal             : exinfo->fileuserdata       = 000001D6A4125AB8
[LOG] SystemI::createSoundInternal             : exinfo->initialseekpostype = 1
[LOG] SystemI::DSPCodecPoolRegister            : register codec pool for pool type 5
[LOG] SystemI::createSoundInternal             : Sample 0/1: name='sfx_platzi_sound_design_course_enemy_takes_damage_1', format=5, channels=1, frequency=48000, lengthbytes=4032, lengthpcm=21570, pcmblocksize=0, loopstart=0, loopend=0, mode=0x00000000, channelmask=0x00000000, channelorder=0, peakvolume=0.000000.
[LOG] SystemI::createSoundInternal             : Create name='', mode=0x02000202
[LOG] SystemI::createSoundInternal             : exinfo->cbsize             = 224
[LOG] SystemI::createSoundInternal             : exinfo->length             = 363008
[LOG] SystemI::createSoundInternal             : exinfo->fileoffset         = 15552
[LOG] SystemI::createSoundInternal             : exinfo->numsubsounds       = 1
[LOG] SystemI::createSoundInternal             : exinfo->inclusionlist      = 0000002F91D9F4C8
[LOG] SystemI::createSoundInternal             : exinfo->inclusionlistnum   = 1
[LOG] SystemI::createSoundInternal             : exinfo->suggestedsoundtype = 5
[LOG] SystemI::createSoundInternal             : exinfo->useropen           = 00007FF99A5C7B10
[LOG] SystemI::createSoundInternal             : exinfo->userclose          = 00007FF99A5C7AE0
[LOG] SystemI::createSoundInternal             : exinfo->userread           = 00007FF99A5C7BE0
[LOG] SystemI::createSoundInternal             : exinfo->userseek           = 00007FF99A5C7CA0
[LOG] SystemI::createSoundInternal             : exinfo->fileuserdata       = 000001D6A4125AB8
[LOG] SystemI::createSoundInternal             : exinfo->initialseekpostype = 1
[LOG] SystemI::DSPCodecPoolRegister            : register codec pool for pool type 5
[LOG] SystemI::createSoundInternal             : Sample 0/1: name='sfx_platzi_sound_design_course_enemy_takes_damage_2', format=5, channels=1, frequency=48000, lengthbytes=6848, lengthpcm=35485, pcmblocksize=0, loopstart=0, loopend=0, mode=0x00000000, channelmask=0x00000000, channelorder=0, peakvolume=0.000000.
[LOG] SystemI::createSoundInternal             : Create name='', mode=0x02000202
[LOG] SystemI::createSoundInternal             : exinfo->cbsize             = 224
[LOG] SystemI::createSoundInternal             : exinfo->length             = 363008
[LOG] SystemI::createSoundInternal             : exinfo->fileoffset         = 15552
[LOG] SystemI::createSoundInternal             : exinfo->numsubsounds       = 1
[LOG] SystemI::createSoundInternal             : exinfo->inclusionlist      = 0000002F91D9F4C8
[LOG] SystemI::createSoundInternal             : exinfo->inclusionlistnum   = 1
[LOG] SystemI::createSoundInternal             : exinfo->suggestedsoundtype = 5
[LOG] SystemI::createSoundInternal             : exinfo->useropen           = 00007FF99A5C7B10
[LOG] SystemI::createSoundInternal             : exinfo->userclose          = 00007FF99A5C7AE0
[LOG] SystemI::createSoundInternal             : exinfo->userread           = 00007FF99A5C7BE0
[LOG] SystemI::createSoundInternal             : exinfo->userseek           = 00007FF99A5C7CA0
[LOG] SystemI::createSoundInternal             : exinfo->fileuserdata       = 000001D6A4125AB8
[LOG] SystemI::createSoundInternal             : exinfo->initialseekpostype = 1
[LOG] SystemI::DSPCodecPoolRegister            : register codec pool for pool type 5
[LOG] SystemI::createSoundInternal             : Sample 0/1: name='sfx_platzi_sound_design_course_enemy_takes_damage_3', format=5, channels=1, frequency=48000, lengthbytes=6528, lengthpcm=34967, pcmblocksize=0, loopstart=0, loopend=0, mode=0x00000000, channelmask=0x00000000, channelorder=0, peakvolume=0.000000.
[LOG] SystemI::createSoundInternal             : Create name='', mode=0x02000202
[LOG] SystemI::createSoundInternal             : exinfo->cbsize             = 224
[LOG] SystemI::createSoundInternal             : exinfo->length             = 363008
[LOG] SystemI::createSoundInternal             : exinfo->fileoffset         = 15552
[LOG] SystemI::createSoundInternal             : exinfo->numsubsounds       = 1
[LOG] SystemI::createSoundInternal             : exinfo->inclusionlist      = 0000002F91D9F4C8
[LOG] SystemI::createSoundInternal             : exinfo->inclusionlistnum   = 1
[LOG] SystemI::createSoundInternal             : exinfo->suggestedsoundtype = 5
[LOG] SystemI::createSoundInternal             : exinfo->useropen           = 00007FF99A5C7B10
[LOG] SystemI::createSoundInternal             : exinfo->userclose          = 00007FF99A5C7AE0
[LOG] SystemI::createSoundInternal             : exinfo->userread           = 00007FF99A5C7BE0
[LOG] SystemI::createSoundInternal             : exinfo->userseek           = 00007FF99A5C7CA0
[LOG] SystemI::createSoundInternal             : exinfo->fileuserdata       = 000001D614AFEAD8
[LOG] SystemI::createSoundInternal             : exinfo->initialseekpostype = 1
[LOG] SystemI::DSPCodecPoolRegister            : register codec pool for pool type 5
[LOG] SystemI::createSoundInternal             : Sample 0/1: name='sfx_platzi_sound_design_course_enemy_dies', format=5, channels=1, frequency=48000, lengthbytes=10848, lengthpcm=57030, pcmblocksize=0, loopstart=0, loopend=0, mode=0x00000000, channelmask=0x00000000, channelorder=0, peakvolume=0.000000.
[LOG] Manager::readBank                        : fileversion = 125, compatVersion = 119 (oldest = 44, newest = 135)
[LOG] SoundI::release                          : sfx_platzi_sound_design_course_ambience (000001D63B243BA8)
[LOG] SoundI::release                          :     sfx_platzi_sound_design_course_ambience (000001D617826728)
[LOG] SoundI::release                          :     sfx_platzi_sound_design_course_ambience (000001D63B243D58)
[LOG] SoundI::release                          :  (000001D6134DD708)
[LOG] SoundI::release                          :     sfx_platzi_sound_design_course_enemy_takes_damage_1 (000001D6178212A8)
[LOG] SoundI::release                          :  (000001D6134DCA18)
[LOG] SoundI::release                          :     sfx_platzi_sound_design_course_enemy_takes_damage_2 (000001D617825D68)
[LOG] SoundI::release                          :  (000001D6134DD148)
[LOG] SoundI::release                          :     sfx_platzi_sound_design_course_enemy_takes_damage_3 (000001D617826248)
[LOG] SoundI::release                          :  (000001D6A4318848)
[LOG] SoundI::release                          :     sfx_platzi_sound_design_course_enemy_dies (000001D6178270E8)
[LOG] SoundI::release                          :  (000001D6134DCE68)
[LOG] SoundI::release                          :     sfx_platzi_sound_design_course_shot (000001D617821928)
[LOG] SoundI::release                          :  (000001D5CC732A88)
[LOG] SoundI::release                          :     sfx_platzi_sound_design_course_jump_1_1 (000001D617702188)
[LOG] SoundI::release                          :  (000001D61546CB78)
[LOG] SoundI::release                          :     sfx_platzi_sound_design_course_jump_1_4 (000001D6177024C8)
[LOG] SoundI::release                          :  (000001D5CC7324C8)
[LOG] SoundI::release                          :     sfx_platzi_sound_design_course_footstep_2_1 (000001D6177029A8)
[LOG] SoundI::release                          :  (000001D61546C898)
[LOG] SoundI::release                          :     sfx_platzi_sound_design_course_footstep_2_2 (000001D6176FFDC8)
[LOG] SoundI::release                          :  (000001D61546CA08)
[LOG] SoundI::release                          :     sfx_platzi_sound_design_course_footstep_2_3 (000001D6176FFA88)
[LOG] SoundI::release                          :  (000001D61546D2A8)
[LOG] SoundI::release                          :     sfx_platzi_sound_design_course_footstep_2_4 (000001D617702668)
[LOG] SoundI::release                          :  (000001D5CC732918)
[LOG] SoundI::release                          :     sfx_platzi_sound_design_course_footstep_1 (000001D617701B08)
[LOG] SoundI::release                          :  (000001D61546CE58)
[LOG] SoundI::release                          :     sfx_platzi_sound_design_course_footstep_2 (000001D617700AC8)
[LOG] SoundI::release                          :  (000001D61546CCE8)
[LOG] SoundI::release                          :     sfx_platzi_sound_design_course_footstep_3 (000001D6176FF408)
[LOG] SoundI::release                          :  (000001D61546D418)
[LOG] SoundI::release                          :     sfx_platzi_sound_design_course_footstep_4 (000001D617702328)
[LOG] SoundI::release                          :  (000001D61546CFC8)
[LOG] SoundI::release                          :     sfx_platzi_sound_design_course_footstep_5 (000001D6176FFF68)
[LOG] SoundI::release                          :  (000001D61546D588)
[LOG] SoundI::release                          :     sfx_platzi_sound_design_course_robot_voice (000001D617701628)
[LOG] Thread::callback                         : FMOD Studio update thread finished.
[LOG] Thread::callback                         : FMOD Studio bank load thread finished.
[LOG] Profile::disconnectAll                   : Profiler disconnecting all clients
[LOG] Thread::callback                         : FMOD Studio sample load thread finished.
[LOG] LiveUpdate::release                      : 
[LOG] LiveUpdate::reset                        : Reset connection (reason Disconnected)
[LOG] Thread::callback                         : FMOD stream thread finished.
[LOG] Thread::callback                         : FMOD mixer thread finished.
[LOG] Profile::disconnectAll                   : Profiler disconnecting all clients
[LOG] SystemI::close                           : Closed.
[LOG] Manager::readBank                        : fileversion = 125, compatVersion = 119 (oldest = 44, newest = 135)
[LOG] Manager::readBank                        : fileversion = 125, compatVersion = 119 (oldest = 44, newest = 135)
[LOG] Manager::readBank                        : fileversion = 125, compatVersion = 119 (oldest = 44, newest = 135)
[LOG] Manager::readBank                        : fileversion = 125, compatVersion = 119 (oldest = 44, newest = 135)
[LOG] Manager::readBank                        : fileversion = 125, compatVersion = 119 (oldest = 44, newest = 135)
[LOG] Manager::readBank                        : fileversion = 125, compatVersion = 119 (oldest = 44, newest = 135)
[LOG] PlaybackSystem::acquireMasterBus         : Setting master channel group format to 6
[LOG] Manager::readBank                        : fileversion = 125, compatVersion = 119 (oldest = 44, newest = 135)
[LOG] Manager::readBank                        : fileversion = 125, compatVersion = 119 (oldest = 44, newest = 135)
[LOG] Thread::callback                         : FMOD Studio bank load thread finished.
[LOG] Thread::callback                         : FMOD Studio sample load thread finished.
[LOG] LiveUpdate::release                      : 
[LOG] LiveUpdate::reset                        : Reset connection (reason Disconnected)
[LOG] Thread::callback                         : FMOD stream thread finished.
[LOG] Thread::callback                         : FMOD mixer thread finished.
[LOG] SystemI::close                           : Closed.
[LOG] Thread::callback                         : FMOD nonblocking thread (0) finished.
[LOG] Thread::callback                         : FMOD file thread finished.
